Run npm run build -- --base /TestSlidev/
npm warn Unknown project config "shamefully-hoist". This will stop working in the next major version of npm.
npm warn Unknown project config "auto-install-peers". This will stop working in the next major version of npm.
> build
> slidev build --base /TestSlidev/
  ●■▲
  Slidev  v52.11.5 
  theme       slidev-theme-light-icons
  css engine  unocss
  entry       /home/runner/work/TestSlidev/TestSlidev/slides.md
vite v7.3.1 building client environment for production...
transforming...
✓ 598 modules transformed.
rendering chunks...
computing gzip size...
dist/index.html                                                                          1.65 kB │ gzip:   0.81 kB
dist/assets/KaTeX_Size3-Regular-CTq5MqoE.woff                                            4.42 kB
dist/assets/KaTeX_Size4-Regular-Dl5lxZxV.woff2                                           4.93 kB
dist/assets/KaTeX_Size2-Regular-Dy4dx90m.woff2                                           5.21 kB
dist/assets/KaTeX_Size1-Regular-mCD8mA8B.woff2                                           5.47 kB
dist/assets/KaTeX_Size4-Regular-BF-4gkZK.woff                                            5.98 kB
dist/assets/KaTeX_Size2-Regular-oD1tc_U0.woff                                            6.19 kB
dist/assets/KaTeX_Size1-Regular-C195tn64.woff                                            6.50 kB
dist/assets/KaTeX_Caligraphic-Regular-Di6jR-x-.woff2                                     6.91 kB
dist/assets/KaTeX_Caligraphic-Bold-Dq_IR9rO.woff2                                        6.91 kB
dist/assets/KaTeX_Size3-Regular-DgpXs0kz.ttf                                             7.59 kB
dist/assets/KaTeX_Caligraphic-Regular-CTRA-rTL.woff                                      7.66 kB
dist/assets/KaTeX_Caligraphic-Bold-BEiXGLvX.woff                                         7.72 kB
dist/assets/KaTeX_Script-Regular-D3wIWfF6.woff2                                          9.64 kB
dist/assets/KaTeX_SansSerif-Regular-DDBCnlJ7.woff2                                      10.34 kB
dist/assets/KaTeX_Size4-Regular-DWFBv043.ttf                                            10.36 kB
dist/assets/KaTeX_Script-Regular-D5yQViql.woff                                          10.59 kB
dist/assets/KaTeX_Fraktur-Regular-CTYiF6lA.woff2                                        11.32 kB
dist/assets/KaTeX_Fraktur-Bold-CL6g_b3V.woff2                                           11.35 kB
dist/assets/KaTeX_Size2-Regular-B7gKUWhC.ttf                                            11.51 kB
dist/assets/KaTeX_SansSerif-Italic-C3H0VqGB.woff2                                       12.03 kB
dist/assets/KaTeX_SansSerif-Bold-D1sUS0GD.woff2                                         12.22 kB
dist/assets/KaTeX_Size1-Regular-Dbsnue_I.ttf                                            12.23 kB
dist/assets/KaTeX_SansSerif-Regular-CS6fqUqJ.woff                                       12.32 kB
dist/assets/KaTeX_Caligraphic-Regular-wX97UBjC.ttf                                      12.34 kB
dist/assets/KaTeX_Caligraphic-Bold-ATXxdsX0.ttf                                         12.37 kB
dist/assets/KaTeX_Fraktur-Regular-Dxdc4cR9.woff                                         13.21 kB
dist/assets/KaTeX_Fraktur-Bold-BsDP51OF.woff                                            13.30 kB
dist/assets/KaTeX_Typewriter-Regular-CO6r4hn1.woff2                                     13.57 kB
dist/assets/KaTeX_SansSerif-Italic-DN2j7dab.woff                                        14.11 kB
dist/assets/KaTeX_SansSerif-Bold-DbIhKOiC.woff                                          14.41 kB
dist/assets/KaTeX_Typewriter-Regular-C0xS9mPB.woff                                      16.03 kB
dist/assets/KaTeX_Math-BoldItalic-CZnvNsCZ.woff2                                        16.40 kB
dist/assets/KaTeX_Math-Italic-t53AETM-.woff2                                            16.44 kB
dist/assets/KaTeX_Script-Regular-C5JkGWo-.ttf                                           16.65 kB
dist/assets/KaTeX_Main-BoldItalic-DxDJ3AOS.woff2                                        16.78 kB
dist/assets/KaTeX_Main-Italic-NWA7e6Wa.woff2                                            16.99 kB
dist/assets/KaTeX_Math-BoldItalic-iY-2wyZ7.woff                                         18.67 kB
dist/assets/KaTeX_Math-Italic-DA0__PXp.woff                                             18.75 kB
dist/assets/KaTeX_Main-BoldItalic-SpSLRI95.woff                                         19.41 kB
dist/assets/KaTeX_SansSerif-Regular-BNo7hRIc.ttf                                        19.44 kB
dist/assets/KaTeX_Fraktur-Regular-CB_wures.ttf                                          19.57 kB
dist/assets/KaTeX_Fraktur-Bold-BdnERNNW.ttf                                             19.58 kB
dist/assets/KaTeX_Main-Italic-BMLOBm91.woff                                             19.68 kB
dist/assets/KaTeX_SansSerif-Italic-YYjJ1zSn.ttf                                         22.36 kB
dist/assets/KaTeX_SansSerif-Bold-CFMepnvq.ttf                                           24.50 kB
dist/assets/KaTeX_Main-Bold-Cx986IdX.woff2                                              25.32 kB
dist/assets/KaTeX_Main-Regular-B22Nviop.woff2                                           26.27 kB
dist/assets/KaTeX_Typewriter-Regular-D3Ib7_Hf.ttf                                       27.56 kB
dist/assets/KaTeX_AMS-Regular-BQhdFMY1.woff2                                            28.08 kB
dist/assets/KaTeX_Main-Bold-Jm3AIy58.woff                                               29.91 kB
dist/assets/KaTeX_Main-Regular-Dr94JaBh.woff                                            30.77 kB
dist/assets/KaTeX_Math-BoldItalic-B3XSjfu4.ttf                                          31.20 kB
dist/assets/KaTeX_Math-Italic-flOr_0UB.ttf                                              31.31 kB
dist/assets/KaTeX_Main-BoldItalic-DzxPMmG6.ttf                                          32.97 kB
dist/assets/KaTeX_AMS-Regular-DMm9YOAa.woff                                             33.52 kB
dist/assets/KaTeX_Main-Italic-3WenGoN9.ttf                                              33.58 kB
dist/assets/KaTeX_Main-Bold-waoOVXN0.ttf                                                51.34 kB
dist/assets/KaTeX_Main-Regular-ypZvNtVU.ttf                                             53.58 kB
dist/assets/KaTeX_AMS-Regular-DRggAlZN.ttf                                              63.63 kB
dist/assets/light-icon-paQfsPq7.woff2                                                   74.97 kB
dist/assets/logo-BYkHSa_O.png                                                           94.32 kB
dist/assets/light-icon-Deq5Qkn0.woff                                                    95.69 kB
dist/assets/light-icon-CZBcWkZL.ttf                                                    225.76 kB
dist/assets/light-icon-C2iu6w8t.eot                                                    225.93 kB
dist/assets/light-icon-CV0fW2BF.svg                                                  2,612.94 kB │ gzip: 446.03 kB
dist/assets/play-D_7yfuao.css                                                            0.06 kB │ gzip:   0.08 kB
dist/assets/DrawingControls-Cxk9a9ub.css                                                 0.07 kB │ gzip:   0.08 kB
dist/assets/404-n_Eqdu3W.css                                                             0.16 kB │ gzip:   0.13 kB
dist/assets/BubbleFrame-9MVFERZk.css                                                     0.23 kB │ gzip:   0.14 kB
dist/assets/entry-15QH0Q6e.css                                                           0.32 kB │ gzip:   0.22 kB
dist/assets/NoteDisplay-R4MfDMfa.css                                                     0.33 kB │ gzip:   0.18 kB
dist/assets/SlideWrapper-CLnaiA9M.css                                                    0.93 kB │ gzip:   0.36 kB
dist/assets/shortcuts--Adx2Pgt.css                                                       1.30 kB │ gzip:   0.52 kB
dist/assets/presenter-C_fGJIsk.css                                                       1.58 kB │ gzip:   0.44 kB
dist/assets/modules/shiki-UqVAgQbi.css                                                  14.81 kB │ gzip:   2.80 kB
dist/assets/index-wXUCOKZZ.css                                                         201.71 kB │ gzip:  46.64 kB
dist/assets/chunk-YJGJQOYZ-dtv2-86x.js                                                   0.22 kB │ gzip:   0.18 kB
dist/assets/slidev/default-BWAUYgRk.js                                                   0.25 kB │ gzip:   0.21 kB
dist/assets/chunk-K2ZEYYM2-DiOuUhDE.js                                                   0.26 kB │ gzip:   0.19 kB
dist/assets/chunk-VH2OSJNQ-EEt2ANK-.js                                                   0.26 kB │ gzip:   0.23 kB
dist/assets/index-LmfsvfR_.js                                                            0.35 kB │ gzip:   0.25 kB
dist/assets/chunk-SCLVSU6P-DG34Bj3w.js                                                   0.40 kB │ gzip:   0.29 kB
dist/assets/slidev/DrawingControls-B3poYWhQ.js                                           0.42 kB │ gzip:   0.27 kB
dist/assets/slidev/useSlideInfo-DufutPbd.js                                              0.42 kB │ gzip:   0.28 kB
dist/assets/LightIcon.vue_vue_type_script_setup_true_lang-B7l5_YC2.js                    0.45 kB │ gzip:   0.31 kB
dist/assets/slidev/IconButton.vue_vue_type_script_setup_true_lang-DbdgSmaU.js            0.49 kB │ gzip:   0.34 kB
dist/assets/slidev/VClick-D-n3UsKE.js                                                    0.50 kB │ gzip:   0.34 kB
dist/assets/slidev/context-BavG5ikk.js                                                   0.51 kB │ gzip:   0.36 kB
dist/assets/stateDiagram-v2-RQA4U5HQ-DXw69kgf.js                                         0.53 kB │ gzip:   0.35 kB
dist/assets/chunk-WDWNAAEG-Biaz7fpT.js                                                   0.54 kB │ gzip:   0.38 kB
dist/assets/intro.vue_vue_type_script_setup_true_lang-Bwj4CsOI.js                        0.55 kB │ gzip:   0.38 kB
dist/assets/classDiagram-GS4TXN57-BLubya8s.js                                            0.57 kB │ gzip:   0.37 kB
dist/assets/classDiagram-v2-T223ZLDE-BLubya8s.js                                         0.57 kB │ gzip:   0.37 kB
dist/assets/slidev/DrawingLayer-Buq6Mmhc.js                                              0.67 kB │ gzip:   0.46 kB
dist/assets/slidev/Modal.vue_vue_type_script_setup_true_lang-opdUZQ6w.js                 0.68 kB │ gzip:   0.46 kB
dist/assets/BubbleFrame-CCRg6-yT.js                                                      0.69 kB │ gzip:   0.43 kB
dist/assets/infoDiagram-YPZU3HRN-B7uTPbiQ.js                                             0.79 kB │ gzip:   0.52 kB
dist/assets/slidev/entry-Cf0X14L4.js                                                     0.98 kB │ gzip:   0.48 kB
dist/assets/md-SjgZOnBk.js                                                               1.02 kB │ gzip:   0.66 kB
dist/assets/slidev/404-zGGyao79.js                                                       1.13 kB │ gzip:   0.68 kB
dist/assets/md-BhEvNbtm.js                                                               1.21 kB │ gzip:   0.76 kB
dist/assets/md-CUVn8djf.js                                                               1.47 kB │ gzip:   0.81 kB
dist/assets/chunk-GG5MOTN4-D-v0zNc8.js                                                   1.48 kB │ gzip:   0.66 kB
dist/assets/md-iJbQBAig.js                                                               1.58 kB │ gzip:   0.90 kB
dist/assets/md-CxbCZwKQ.js                                                               1.66 kB │ gzip:   0.96 kB
dist/assets/md-DWYdlOLl.js                                                               1.83 kB │ gzip:   1.25 kB
dist/assets/md-DDJRoZfN.js                                                               1.84 kB │ gzip:   1.01 kB
dist/assets/md-DkUck4f3.js                                                               1.88 kB │ gzip:   1.09 kB
dist/assets/md-CaNAjSWv.js                                                               1.90 kB │ gzip:   1.06 kB
dist/assets/slidev/VClicks-Bgqn7jT5.js                                                   1.94 kB │ gzip:   0.96 kB
dist/assets/md-Ui_3zU8v.js                                                               2.07 kB │ gzip:   0.99 kB
dist/assets/md-BBHDXGih.js                                                               2.10 kB │ gzip:   1.10 kB
dist/assets/md-WciFv3x4.js                                                               2.17 kB │ gzip:   1.12 kB
dist/assets/slidev/notes-edit-BkhmTcF7.js                                                2.25 kB │ gzip:   1.20 kB
dist/assets/md-D5NDVPde.js                                                               2.37 kB │ gzip:   1.18 kB
dist/assets/dynamic-image.vue_vue_type_script_setup_true_lang-uHit6xqF.js                2.47 kB │ gzip:   0.87 kB
dist/assets/md--ppoSnmt.js                                                               2.49 kB │ gzip:   1.33 kB
dist/assets/md-Durcji2f.js                                                               2.55 kB │ gzip:   1.20 kB
dist/assets/slidev/TimerBar.vue_vue_type_script_setup_true_lang-BUlorBxm.js              2.70 kB │ gzip:   1.21 kB
dist/assets/md-CHfgtmqj.js                                                               2.84 kB │ gzip:   1.09 kB
dist/assets/modules/file-saver-B7oFTzqn.js                                               3.19 kB │ gzip:   1.51 kB
dist/assets/md-CMX9TGQz.js                                                               3.39 kB │ gzip:   1.40 kB
dist/assets/slidev/notes-BPYRIYFw.js                                                     3.48 kB │ gzip:   1.58 kB
dist/assets/modules/unplugin-icons-Be9HVtlu.js                                           3.52 kB │ gzip:   1.37 kB
dist/assets/md-D9G7NpWd.js                                                               3.65 kB │ gzip:   1.14 kB
dist/assets/pieDiagram-DMORWRXK-CWtB6Mnm.js                                              4.10 kB │ gzip:   1.90 kB
dist/assets/diagram-TKFVDK6Q-B9gTQaJ-.js                                                 4.40 kB │ gzip:   1.94 kB
dist/assets/slidev/NoteDisplay.vue_vue_type_style_index_0_lang-Dqk-D6k3.js               4.86 kB │ gzip:   2.24 kB
dist/assets/slidev/DrawingControls.vue_vue_type_style_index_0_lang-lxzNS7OO.js           5.22 kB │ gzip:   2.03 kB
dist/assets/slidev/CodeBlockWrapper.vue_vue_type_script_setup_true_lang-ByO7n8nD.js      5.32 kB │ gzip:   1.99 kB
dist/assets/slidev/play-DqO6BprQ.js                                                      5.33 kB │ gzip:   2.34 kB
dist/assets/md-DTyyaVuV.js                                                               5.63 kB │ gzip:   1.35 kB
dist/assets/diagram-MACBZWK3-B3FamtAU.js                                                 6.01 kB │ gzip:   2.56 kB
dist/assets/chunk-4QEEASX4-DMB9P8ot.js                                                   6.08 kB │ gzip:   1.97 kB
dist/assets/md-F-2sCn8n.js                                                               6.79 kB │ gzip:   1.60 kB
dist/assets/slidev/presenter-BwptvONp.js                                                 7.32 kB │ gzip:   3.20 kB
dist/assets/slidev/overview-vNs0Vwep.js                                                  7.96 kB │ gzip:   3.61 kB
dist/assets/stateDiagram-AF2IOYDR-BLz6HxyX.js                                           10.52 kB │ gzip:   3.71 kB
dist/assets/diagram-35RNQRIT-Dgv4cxfC.js                                                11.10 kB │ gzip:   3.93 kB
dist/assets/dagre-ESHLYXRB-DYeBxqNy.js                                                  11.15 kB │ gzip:   4.19 kB
dist/assets/kanban-definition-XZ6RF72J-z4NMXEzJ.js                                      20.34 kB │ gzip:   7.25 kB
dist/assets/mindmap-definition-Z26EYU56-CbUfV1W2.js                                     21.26 kB │ gzip:   7.49 kB
dist/assets/sankeyDiagram-OLRELTUB-COrJ1tZQ.js                                          23.18 kB │ gzip:   8.53 kB
dist/assets/journeyDiagram-EMBJJZIB-CyUfITmt.js                                         23.65 kB │ gzip:   8.38 kB
dist/assets/timeline-definition-IBICBATI-tVfnP6Zh.js                                    23.70 kB │ gzip:   8.29 kB
dist/assets/gitGraphDiagram-HMYFBHNQ-DmUJ54WX.js                                        24.23 kB │ gzip:   7.49 kB
dist/assets/chunk-ZZTYOBSU-4-BJb-g2.js                                                  24.56 kB │ gzip:   9.71 kB
dist/assets/slidev/SlideWrapper-DYxIpa9Q.js                                             24.92 kB │ gzip:   8.94 kB
dist/assets/erDiagram-NUSZGL2K-BSsao_JN.js                                              25.35 kB │ gzip:   8.90 kB
dist/assets/chunk-LXPT3ST6-B5dsPxj1.js                                                  28.61 kB │ gzip:  10.28 kB
dist/assets/requirementDiagram-3NS7YNCK-5CmXp3wA.js                                     30.23 kB │ gzip:   9.51 kB
dist/assets/quadrantDiagram-Q67ROWKZ-DCxokEOB.js                                        33.89 kB │ gzip:   9.99 kB
dist/assets/chunk-OFP4IZRJ-De5bQgWW.js                                                  36.37 kB │ gzip:  11.87 kB
dist/assets/xychartDiagram-SWH7VB4X-DrdKh0T9.js                                         38.97 kB │ gzip:  10.99 kB
dist/assets/chunk-UNWZSS3R-C8-4ErhM.js                                                  45.35 kB │ gzip:  14.74 kB
dist/assets/ganttDiagram-LDDRKPNN-ByjbNQ3n.js                                           49.45 kB │ gzip:  16.75 kB
dist/assets/modules/shiki-CCzuoUVI.js                                                   49.80 kB │ gzip:  15.87 kB
dist/assets/slidev/shortcuts-fmITQSzm.js                                                56.91 kB │ gzip:  20.55 kB
dist/assets/flowDiagram-TD5NMDKU-ByQ7gixN.js                                            60.56 kB │ gzip:  19.51 kB
dist/assets/c4Diagram-3CMHLY2Z-C3lKNkvi.js                                              70.30 kB │ gzip:  19.77 kB
dist/assets/blockDiagram-GFQLM6WX-TbAg4FVl.js                                           71.88 kB │ gzip:  20.56 kB
dist/assets/cose-bilkent-WGPWBIFM-DcJZY-oc.js                                           84.09 kB │ gzip:  23.29 kB
dist/assets/sequenceDiagram-MB3FELIF-Dm4_wVXU.js                                        97.98 kB │ gzip:  26.96 kB
dist/assets/index-DAAgRyQ3.js                                                          125.79 kB │ gzip:  44.02 kB
dist/assets/architectureDiagram-X5VOOHYO-P2Q7Of2O.js                                   151.71 kB │ gzip:  43.24 kB
dist/assets/modules/vue-BSm78NtT.js                                                    257.51 kB │ gzip:  96.46 kB
dist/assets/katex-A6QSACVP-DpzwM_yi.js                                                 270.48 kB │ gzip:  79.52 kB
dist/assets/treemap-KMMF4GRG-YVX6V4UE-BeJtypB6.js                                      365.41 kB │ gzip:  92.62 kB
dist/assets/chunk-2N6VOINK-IdCt-tsw.js                                                 467.92 kB │ gzip: 149.79 kB
dist/assets/Mermaid.vue_vue_type_script_setup_true_lang-BKQr-2-T.js                    558.73 kB │ gzip: 162.30 kB
✓ built in 10.93s
1s
Run # Replace /images/ with /TestSlidev/images/ in CSS url() references
  
0s
Run actions/configure-pages@v4
  
2s
Run actions/upload-pages-artifact@v3
Run echo ::group::Archive artifact
Archive artifact
  ./
  ./index.html
  ./assets/
  ./assets/cose-bilkent-WGPWBIFM-DcJZY-oc.js
  ./assets/KaTeX_Caligraphic-Bold-Dq_IR9rO.woff2
  ./assets/chunk-4QEEASX4-DMB9P8ot.js
  ./assets/chunk-LXPT3ST6-B5dsPxj1.js
  ./assets/KaTeX_Script-Regular-D5yQViql.woff
  ./assets/entry-15QH0Q6e.css
  ./assets/BubbleFrame-CCRg6-yT.js
  ./assets/flowDiagram-TD5NMDKU-ByQ7gixN.js
  ./assets/KaTeX_Math-BoldItalic-iY-2wyZ7.woff
  ./assets/stateDiagram-v2-RQA4U5HQ-DXw69kgf.js
  ./assets/KaTeX_Main-Italic-BMLOBm91.woff
  ./assets/KaTeX_Size1-Regular-C195tn64.woff
  ./assets/light-icon-CZBcWkZL.ttf
  ./assets/KaTeX_AMS-Regular-DRggAlZN.ttf
  ./assets/KaTeX_Math-BoldItalic-B3XSjfu4.ttf
  ./assets/KaTeX_Fraktur-Regular-CB_wures.ttf
  ./assets/mindmap-definition-Z26EYU56-CbUfV1W2.js
  ./assets/md-DDJRoZfN.js
  ./assets/KaTeX_SansSerif-Regular-CS6fqUqJ.woff
  ./assets/diagram-TKFVDK6Q-B9gTQaJ-.js
  ./assets/dynamic-image.vue_vue_type_script_setup_true_lang-uHit6xqF.js
  ./assets/sankeyDiagram-OLRELTUB-COrJ1tZQ.js
  ./assets/blockDiagram-GFQLM6WX-TbAg4FVl.js
  ./assets/chunk-YJGJQOYZ-dtv2-86x.js
  ./assets/md-Ui_3zU8v.js
  ./assets/md-SjgZOnBk.js
  ./assets/chunk-GG5MOTN4-D-v0zNc8.js
  ./assets/KaTeX_Size2-Regular-B7gKUWhC.ttf
  ./assets/light-icon-C2iu6w8t.eot
  ./assets/chunk-2N6VOINK-IdCt-tsw.js
  ./assets/gitGraphDiagram-HMYFBHNQ-DmUJ54WX.js
  ./assets/BubbleFrame-9MVFERZk.css
  ./assets/kanban-definition-XZ6RF72J-z4NMXEzJ.js
  ./assets/sequenceDiagram-MB3FELIF-Dm4_wVXU.js
  ./assets/KaTeX_Caligraphic-Bold-ATXxdsX0.ttf
  ./assets/md-D9G7NpWd.js
  ./assets/NoteDisplay-R4MfDMfa.css
  ./assets/play-D_7yfuao.css
  ./assets/journeyDiagram-EMBJJZIB-CyUfITmt.js
  ./assets/KaTeX_Size2-Regular-oD1tc_U0.woff
  ./assets/md-CxbCZwKQ.js
  ./assets/KaTeX_Caligraphic-Regular-wX97UBjC.ttf
  ./assets/KaTeX_Script-Regular-D3wIWfF6.woff2
  ./assets/requirementDiagram-3NS7YNCK-5CmXp3wA.js
  ./assets/KaTeX_SansSerif-Regular-DDBCnlJ7.woff2
  ./assets/md-CUVn8djf.js
  ./assets/chunk-SCLVSU6P-DG34Bj3w.js
  ./assets/KaTeX_Size2-Regular-Dy4dx90m.woff2
  ./assets/KaTeX_Size3-Regular-CTq5MqoE.woff
  ./assets/KaTeX_Math-Italic-DA0__PXp.woff
  ./assets/KaTeX_SansSerif-Italic-YYjJ1zSn.ttf
  ./assets/KaTeX_SansSerif-Italic-DN2j7dab.woff
  ./assets/md-DkUck4f3.js
  ./assets/KaTeX_Size4-Regular-DWFBv043.ttf
  ./assets/KaTeX_Caligraphic-Regular-CTRA-rTL.woff
  ./assets/chunk-WDWNAAEG-Biaz7fpT.js
  ./assets/md-CMX9TGQz.js
  ./assets/DrawingControls-Cxk9a9ub.css
  ./assets/KaTeX_Main-BoldItalic-DxDJ3AOS.woff2
  ./assets/md-Durcji2f.js
  ./assets/diagram-MACBZWK3-B3FamtAU.js
  ./assets/architectureDiagram-X5VOOHYO-P2Q7Of2O.js
  ./assets/KaTeX_Typewriter-Regular-C0xS9mPB.woff
  ./assets/KaTeX_Fraktur-Bold-CL6g_b3V.woff2
  ./assets/slidev/
  ./assets/slidev/TimerBar.vue_vue_type_script_setup_true_lang-BUlorBxm.js
  ./assets/slidev/DrawingControls.vue_vue_type_style_index_0_lang-lxzNS7OO.js
  ./assets/slidev/notes-edit-BkhmTcF7.js
  ./assets/slidev/IconButton.vue_vue_type_script_setup_true_lang-DbdgSmaU.js
  ./assets/slidev/VClick-D-n3UsKE.js
  ./assets/slidev/useSlideInfo-DufutPbd.js
  ./assets/slidev/CodeBlockWrapper.vue_vue_type_script_setup_true_lang-ByO7n8nD.js
  ./assets/slidev/DrawingControls-B3poYWhQ.js
  ./assets/slidev/DrawingLayer-Buq6Mmhc.js
  ./assets/slidev/entry-Cf0X14L4.js
  ./assets/slidev/play-DqO6BprQ.js
  ./assets/slidev/context-BavG5ikk.js
  ./assets/slidev/overview-vNs0Vwep.js
  ./assets/slidev/Modal.vue_vue_type_script_setup_true_lang-opdUZQ6w.js
  ./assets/slidev/VClicks-Bgqn7jT5.js
  ./assets/slidev/SlideWrapper-DYxIpa9Q.js
  ./assets/slidev/NoteDisplay.vue_vue_type_style_index_0_lang-Dqk-D6k3.js
  ./assets/slidev/404-zGGyao79.js
  ./assets/slidev/presenter-BwptvONp.js
  ./assets/slidev/notes-BPYRIYFw.js
  ./assets/slidev/shortcuts-fmITQSzm.js
  ./assets/slidev/default-BWAUYgRk.js
  ./assets/KaTeX_Main-Bold-waoOVXN0.ttf
  ./assets/KaTeX_Math-BoldItalic-CZnvNsCZ.woff2
  ./assets/diagram-35RNQRIT-Dgv4cxfC.js
  ./assets/KaTeX_Caligraphic-Bold-BEiXGLvX.woff
  ./assets/infoDiagram-YPZU3HRN-B7uTPbiQ.js
  ./assets/KaTeX_Script-Regular-C5JkGWo-.ttf
  ./assets/md-D5NDVPde.js
  ./assets/md-DTyyaVuV.js
  ./assets/md-DWYdlOLl.js
  ./assets/KaTeX_SansSerif-Italic-C3H0VqGB.woff2
  ./assets/stateDiagram-AF2IOYDR-BLz6HxyX.js
  ./assets/chunk-ZZTYOBSU-4-BJb-g2.js
  ./assets/KaTeX_Main-Regular-B22Nviop.woff2
  ./assets/KaTeX_AMS-Regular-BQhdFMY1.woff2
  ./assets/KaTeX_Typewriter-Regular-D3Ib7_Hf.ttf
  ./assets/classDiagram-GS4TXN57-BLubya8s.js
  ./assets/KaTeX_Main-Regular-ypZvNtVU.ttf
  ./assets/logo-BYkHSa_O.png
  ./assets/index-wXUCOKZZ.css
  ./assets/KaTeX_Size1-Regular-mCD8mA8B.woff2
  ./assets/KaTeX_Main-Bold-Jm3AIy58.woff
  ./assets/treemap-KMMF4GRG-YVX6V4UE-BeJtypB6.js
  ./assets/SlideWrapper-CLnaiA9M.css
  ./assets/erDiagram-NUSZGL2K-BSsao_JN.js
  ./assets/light-icon-CV0fW2BF.svg
  ./assets/shortcuts--Adx2Pgt.css
  ./assets/light-icon-paQfsPq7.woff2
  ./assets/md-WciFv3x4.js
  ./assets/KaTeX_Math-Italic-t53AETM-.woff2
  ./assets/KaTeX_Main-BoldItalic-DzxPMmG6.ttf
  ./assets/index-LmfsvfR_.js
  ./assets/ganttDiagram-LDDRKPNN-ByjbNQ3n.js
  ./assets/c4Diagram-3CMHLY2Z-C3lKNkvi.js
  ./assets/KaTeX_SansSerif-Bold-D1sUS0GD.woff2
  ./assets/timeline-definition-IBICBATI-tVfnP6Zh.js
  ./assets/KaTeX_Size4-Regular-BF-4gkZK.woff
  ./assets/quadrantDiagram-Q67ROWKZ-DCxokEOB.js
  ./assets/md-BBHDXGih.js
  ./assets/KaTeX_Caligraphic-Regular-Di6jR-x-.woff2
  ./assets/md-CHfgtmqj.js
  ./assets/chunk-K2ZEYYM2-DiOuUhDE.js
  ./assets/dagre-ESHLYXRB-DYeBxqNy.js
  ./assets/md-iJbQBAig.js
  ./assets/KaTeX_Main-Italic-NWA7e6Wa.woff2
  ./assets/chunk-VH2OSJNQ-EEt2ANK-.js
  ./assets/KaTeX_Fraktur-Bold-BdnERNNW.ttf
  ./assets/KaTeX_SansSerif-Regular-BNo7hRIc.ttf
  ./assets/md-CaNAjSWv.js
  ./assets/intro.vue_vue_type_script_setup_true_lang-Bwj4CsOI.js
  ./assets/KaTeX_Fraktur-Bold-BsDP51OF.woff
  ./assets/classDiagram-v2-T223ZLDE-BLubya8s.js
  ./assets/KaTeX_Fraktur-Regular-CTYiF6lA.woff2
  ./assets/KaTeX_Size4-Regular-Dl5lxZxV.woff2
  ./assets/md-BhEvNbtm.js
  ./assets/KaTeX_SansSerif-Bold-DbIhKOiC.woff
  ./assets/presenter-C_fGJIsk.css
  ./assets/KaTeX_Size3-Regular-DgpXs0kz.ttf
  ./assets/KaTeX_Main-Regular-Dr94JaBh.woff
  ./assets/KaTeX_Typewriter-Regular-CO6r4hn1.woff2
  ./assets/Mermaid.vue_vue_type_script_setup_true_lang-BKQr-2-T.js
  ./assets/KaTeX_Fraktur-Regular-Dxdc4cR9.woff
  ./assets/katex-A6QSACVP-DpzwM_yi.js
  ./assets/md-F-2sCn8n.js
  ./assets/404-n_Eqdu3W.css
  ./assets/KaTeX_Main-Italic-3WenGoN9.ttf
  ./assets/light-icon-Deq5Qkn0.woff
  ./assets/chunk-OFP4IZRJ-De5bQgWW.js
  ./assets/KaTeX_AMS-Regular-DMm9YOAa.woff
  ./assets/KaTeX_Math-Italic-flOr_0UB.ttf
  ./assets/md--ppoSnmt.js
  ./assets/chunk-UNWZSS3R-C8-4ErhM.js
  ./assets/pieDiagram-DMORWRXK-CWtB6Mnm.js
  ./assets/xychartDiagram-SWH7VB4X-DrdKh0T9.js
  ./assets/index-DAAgRyQ3.js
  ./assets/KaTeX_Size1-Regular-Dbsnue_I.ttf
  ./assets/KaTeX_SansSerif-Bold-CFMepnvq.ttf
  ./assets/KaTeX_Main-BoldItalic-SpSLRI95.woff
  ./assets/KaTeX_Main-Bold-Cx986IdX.woff2
  ./assets/LightIcon.vue_vue_type_script_setup_true_lang-B7l5_YC2.js
  ./assets/modules/
  ./assets/modules/shiki-UqVAgQbi.css
  ./assets/modules/vue-BSm78NtT.js
  ./assets/modules/file-saver-B7oFTzqn.js
  ./assets/modules/unplugin-icons-Be9HVtlu.js
  ./assets/modules/shiki-CCzuoUVI.js
  ./images/
  ./images/sample-2.png
  ./images/sample-1.png
  ./images/kakao-bot-2.png
  ./images/vpn-ssh.png
  ./images/system-architecture.jpeg
  ./images/nocodb-result.png
  ./images/z-image-turbo.png
  ./images/tasker-wol.png
  ./images/python-api-test.png
  ./images/n8n-workflow.png
  ./images/workflow-overview.jpeg
  ./images/nocodb-ref.png
  ./images/kakao-bot-1.png
  ./_redirects
  ./404.html
  
Run actions/upload-artifact@v4
With the provided path, there will be 1 file uploaded
Artifact name is valid!
Root directory input is valid!
Beginning upload of artifact content to blob storage
Uploaded bytes 8388608
Uploaded bytes 13967897
Finished uploading artifact content to blob storage!
SHA256 digest of uploaded artifact zip is e977ab2e6d134a15651101d1edc09577f5c4a362a5d105604bd86edf4f4b52ae
Finalizing artifact upload
Artifact github-pages.zip successfully finalized. Artifact ID 5331819847
Artifact github-pages has been successfully uploaded! Final size is 13967897 bytes. Artifact ID is 5331819847
Artifact download URL: https://github.com/AI-GameDev/TestSlidev/actions/runs/21555836069/artifacts/5331819847
7s
Run actions/deploy-pages@v4
  
Fetching artifact metadata for "github-pages" in this workflow run
Found 1 artifact(s)
Creating Pages deployment with payload:
{
	"artifact_id": 5331819847,
	"pages_build_version": "fb0b0659d81886c3778234cf40c4bd2c1fea4ae0",
	"oidc_token": "***"
}
Created deployment for fb0b0659d81886c3778234cf40c4bd2c1fea4ae0, ID: fb0b0659d81886c3778234cf40c4bd2c1fea4ae0
Getting Pages deployment status...
Reported success!
0s
Post job cleanup.
0s
Post job cleanup.
/usr/bin/git version
git version 2.52.0
Temporarily overriding HOME='/home/runner/work/_temp/4ee8a5ee-c72a-4f67-bffa-0392874c1909' before making global git config changes
Adding repository directory to the temporary git global config as a safe directory
/usr/bin/git config --global --add safe.directory /home/runner/work/TestSlidev/TestSlidev
/usr/bin/git config --local --name-only --get-regexp core\.sshCommand
/usr/bin/git submodule foreach --recursive sh -c "git config --local --name-only --get-regexp 'core\.sshCommand' && git config --local --unset-all 'core.sshCommand' || :"
/usr/bin/git config --local --name-only --get-regexp http\.https\:\/\/github\.com\/\.extraheader
http.https://github.com/.extraheader
/usr/bin/git config --local --unset-all http.https://github.com/.extraheader
/usr/bin/git submodule foreach --recursive sh -c "git config --local --name-only --get-regexp 'http\.https\:\/\/github\.com\/\.extraheader' && git config --local --unset-all 'http.https://github.com/.extraheader' || :"
/usr/bin/git config --local --name-only --get-regexp ^includeIf\.gitdir:
/usr/bin/git submodule foreach --recursive git config --local --show-origin --name-only --get-regexp remote.origin.url
